[rbxgen.cf/index.html]
[backblue.gif]
[fade.gif]
[index.html]
[rbxgen.cf/browser.sentry-cdn.com/6.4.1/bundle.min.js]
[rbxgen.cf/www.google-analytics.com/analytics.js]
[rbxgen.cf/d13pxqgp3ixdbh.cloudfront.net/uploads/162418819579423ce42a47972f7085657941187bab.jpg]
[rbxgen.cf/d13pxqgp3ixdbh.cloudfront.net/uploads/162418819827a46514c8bfbe8be7a1250f1d3d934c.png]
[rbxgen.cf/d13pxqgp3ixdbh.cloudfront.net/uploads/1624188197ada982d25238e121ba1d2e6c7b9680db.png]
[rbxgen.cf/style.5.delayed]
[rbxgen.cf/d13pxqgp3ixdbh.cloudfront.net/uploads/16241881968f82fe25da3dbd6282afefc26bb7aecb.png]
[rbxgen.cf/d13pxqgp3ixdbh.cloudfront.net/uploads/160436568967968d331daa38c7a6a954a0aa4fca4c.png]
[rbxgen.cf/d13pxqgp3ixdbh.cloudfront.net/uploads/16043657032b82c89c8eee568e887037f8f309f721.png]
[rbxgen.cf/d13pxqgp3ixdbh.cloudfront.net/uploads/1604533640efc5a3326a5831320a2fbb0557d7cf3c.png]
[rbxgen.cf/d13pxqgp3ixdbh.cloudfront.net/uploads/160436570838a5323925fd8eb22f0ba979d3d5e84c.png]
[rbxgen.cf/d13pxqgp3ixdbh.cloudfront.net/uploads/160436571329924a368b12ab7c763d16a4ce7c06b1.png]
[rbxgen.cf/d13pxqgp3ixdbh.cloudfront.net/uploads/160436571804e3337a5b5284fc5053910a1c9c9bc1.png]
[rbxgen.cf/main.d.delayed]
[rbxgen.cf/ajax.googleapis.com/ajax/libs/jquery/2.2.4/jquery.min.js]
[d13nu0oomnx5ti.cloudfront.net/48676ee.js]
[rbxgen.cf/d13nu0oomnx5ti.cloudfront.net/1447eaf.js]
[rbxgen.cf/customTemplateGlobal.11.delayed]
[rbxgen.cf/index.html]
[rbxgen.cf/style.html]
[rbxgen.cf/main.html]
[rbxgen.cf/customTemplateGlobal.html]
